<?xml version="1.0" encoding="UTF-8"?>
<!-- Generated by org.testng.reporters.JUnitXMLReporter -->
<testsuite ignored="0" hostname="LAPTOP-G1B9P7SD" failures="2" tests="6" name="Command line test" time="0.123" errors="0" timestamp="24 sty 2021 09:45:14 GMT">
  <testcase classname="AnnotactionTest" name="test1" time="0.0"/>
  <testcase classname="AnnotactionTest" name="test2" time="0.001"/>
  <testcase classname="AnnotactionTest" name="test3" time="0.0"/>
  <testcase classname="AssertionsTest" name="shouldFail" time="0.005">
    <failure type="java.lang.AssertionError" message="expected [false] but found [true]">
      <![CDATA[java.lang.AssertionError: expected [false] but found [true]at AssertionsTest.shouldFail(AssertionsTest.java:16)... Removed 39 stack frames]]>
    </failure>
  </testcase> <!-- shouldFail -->
  <testcase classname="AssertionsTest" name="shouldPass" time="0.001"/>
  <testcase classname="FormTest" name="shouldSendForm" time="0.085">
    <failure type="java.lang.IllegalStateException" message="The driver executable does not exist: C:\drivers\chromedriver.exe">
      <![CDATA[java.lang.IllegalStateException: The driver executable does not exist: C:\drivers\chromedriver.exeat com.google.common.base.Preconditions.checkState(Preconditions.java:585)at org.openqa.selenium.remote.service.DriverService.checkExecutable(DriverService.java:136)at org.openqa.selenium.remote.service.DriverService.findExecutable(DriverService.java:131)at org.openqa.selenium.chrome.ChromeDriverService.access$000(ChromeDriverService.java:32)at org.openqa.selenium.chrome.ChromeDriverService$Builder.findDefaultExecutable(ChromeDriverService.java:137)at org.openqa.selenium.remote.service.DriverService$Builder.build(DriverService.java:339)at org.openqa.selenium.chrome.ChromeDriverService.createDefaultService(ChromeDriverService.java:88)at org.openqa.selenium.chrome.ChromeDriver.<init>(ChromeDriver.java:157)at FormTest.shouldSendForm(FormTest.java:15)... Removed 35 stack frames]]>
    </failure>
  </testcase> <!-- shouldSendForm -->
</testsuite> <!-- Command line test -->
